<?xml version="1.0" encoding="UTF-8"?>
<!-- Generated by org.testng.reporters.JUnitXMLReporter -->
<testsuite hostname="Андрей-ПК" name="Default test" tests="6" failures="0" timestamp="8 Jun 2015 19:38:23 GMT" time="195.373" errors="0">
  <testcase name="testCompareMicrowave" time="9.258" classname="testsPNdotCom.TestPN"/>
  <testcase name="testFilterByControlWeight" time="8.319" classname="testsPNdotCom.TestPN"/>
  <testcase name="testFilterByPrice" time="19.36" classname="testsPNdotCom.TestPN"/>
  <testcase name="testFilterByProducer" time="6.233" classname="testsPNdotCom.TestPN"/>
  <testcase name="testSameInfo" time="123.77" classname="testsPNdotCom.TestPN"/>
  <testcase name="testSortByPrice" time="9.866" classname="testsPNdotCom.TestPN"/>
</testsuite> <!-- Default test -->
