<?xml version="1.0" encoding="UTF-8"?>
<testng-results skipped="6" failed="0" total="6" passed="0">
  <reporter-output>
  </reporter-output>
  <suite name="Default suite" duration-ms="3434" started-at="2015-06-07T16:45:21Z" finished-at="2015-06-07T16:45:24Z">
    <groups>
    </groups>
    <test name="Default test" duration-ms="3434" started-at="2015-06-07T16:45:21Z" finished-at="2015-06-07T16:45:24Z">
      <class name="testsPNdotCom.TestPN">
        <test-method status="FAIL" signature="startBrowser()[pri:0, instance:testsPNdotCom.TestPN@4cdbe50f]" name="startBrowser" is-config="true" duration-ms="0" started-at="2015-06-07T19:45:21Z" finished-at="2015-06-07T19:45:21Z">
          <exception class="org.openqa.selenium.WebDriverException">
            <message>
              <![CDATA[Failed to navigate to http://pn.com.ua/. This usually means that a call to the COM method IWebBrowser2::Navigate2() failed. (WARNING: The server did not provide any stacktrace information)
Command duration or timeout: 17 milliseconds
Build info: version: '2.45.0', revision: '5017cb8e7ca8e37638dc3091b2440b90a1d8686f', time: '2015-02-27 09:10:26'
System info: host: 'Андрей-ПК', ip: '192.168.0.54', os.name: 'Windows 7', os.arch: 'amd64', os.version: '6.1', java.version: '1.8.0_45'
Driver info: org.openqa.selenium.ie.InternetExplorerDriver
Capabilities [{browserAttachTimeout=0, enablePersistentHover=true, ie.forceCreateProcessApi=false, ie.usePerProcessProxy=false, ignoreZoomSetting=false, handlesAlerts=true, version=8, platform=WINDOWS, nativeEvents=true, ie.ensureCleanSession=false, elementScrollBehavior=0, ie.browserCommandLineSwitches=, requireWindowFocus=false, browserName=internet explorer, initialBrowserUrl=http://localhost:21022/, takesScreenshot=true, javascriptEnabled=true, ignoreProtectedModeSettings=false, enableElementCacheCleanup=true, cssSelectorsEnabled=true, unexpectedAlertBehaviour=dismiss}]
Session ID: 8fbcdb7d-33b8-45de-a367-44959fb438d5]]>
            </message>
            <full-stacktrace>
              <![CDATA[org.openqa.selenium.WebDriverException: Failed to navigate to http://pn.com.ua/. This usually means that a call to the COM method IWebBrowser2::Navigate2() failed. (WARNING: The server did not provide any stacktrace information)
Command duration or timeout: 17 milliseconds
Build info: version: '2.45.0', revision: '5017cb8e7ca8e37638dc3091b2440b90a1d8686f', time: '2015-02-27 09:10:26'
System info: host: 'Андрей-ПК', ip: '192.168.0.54', os.name: 'Windows 7', os.arch: 'amd64', os.version: '6.1', java.version: '1.8.0_45'
Driver info: org.openqa.selenium.ie.InternetExplorerDriver
Capabilities [{browserAttachTimeout=0, enablePersistentHover=true, ie.forceCreateProcessApi=false, ie.usePerProcessProxy=false, ignoreZoomSetting=false, handlesAlerts=true, version=8, platform=WINDOWS, nativeEvents=true, ie.ensureCleanSession=false, elementScrollBehavior=0, ie.browserCommandLineSwitches=, requireWindowFocus=false, browserName=internet explorer, initialBrowserUrl=http://localhost:21022/, takesScreenshot=true, javascriptEnabled=true, ignoreProtectedModeSettings=false, enableElementCacheCleanup=true, cssSelectorsEnabled=true, unexpectedAlertBehaviour=dismiss}]
Session ID: 8fbcdb7d-33b8-45de-a367-44959fb438d5
	at sun.reflect.NativeConstructorAccessorImpl.newInstance0(Native Method)
	at sun.reflect.NativeConstructorAccessorImpl.newInstance(NativeConstructorAccessorImpl.java:62)
	at sun.reflect.DelegatingConstructorAccessorImpl.newInstance(DelegatingConstructorAccessorImpl.java:45)
	at java.lang.reflect.Constructor.newInstance(Constructor.java:422)
	at org.openqa.selenium.remote.ErrorHandler.createThrowable(ErrorHandler.java:204)
	at org.openqa.selenium.remote.ErrorHandler.throwIfResponseFailed(ErrorHandler.java:156)
	at org.openqa.selenium.remote.RemoteWebDriver.execute(RemoteWebDriver.java:599)
	at org.openqa.selenium.remote.RemoteWebDriver.get(RemoteWebDriver.java:304)
	at testsPNdotCom.TestPN.startBrowser(TestPN.java:68)
	at sun.reflect.NativeMethodAccessorImpl.invoke0(Native Method)
	at sun.reflect.NativeMethodAccessorImpl.invoke(NativeMethodAccessorImpl.java:62)
	at sun.reflect.DelegatingMethodAccessorImpl.invoke(DelegatingMethodAccessorImpl.java:43)
	at java.lang.reflect.Method.invoke(Method.java:497)
	at org.testng.internal.MethodInvocationHelper.invokeMethod(MethodInvocationHelper.java:85)
	at org.testng.internal.Invoker.invokeConfigurationMethod(Invoker.java:552)
	at org.testng.internal.Invoker.invokeConfigurations(Invoker.java:215)
	at org.testng.internal.Invoker.invokeConfigurations(Invoker.java:140)
	at org.testng.internal.TestMethodWorker.invokeBeforeClassMethods(TestMethodWorker.java:170)
	at org.testng.internal.TestMethodWorker.run(TestMethodWorker.java:104)
	at org.testng.TestRunner.privateRun(TestRunner.java:767)
	at org.testng.TestRunner.run(TestRunner.java:617)
	at org.testng.SuiteRunner.runTest(SuiteRunner.java:348)
	at org.testng.SuiteRunner.runSequentially(SuiteRunner.java:343)
	at org.testng.SuiteRunner.privateRun(SuiteRunner.java:305)
	at org.testng.SuiteRunner.run(SuiteRunner.java:254)
	at org.testng.SuiteRunnerWorker.runSuite(SuiteRunnerWorker.java:52)
	at org.testng.SuiteRunnerWorker.run(SuiteRunnerWorker.java:86)
	at org.testng.TestNG.runSuitesSequentially(TestNG.java:1224)
	at org.testng.TestNG.runSuitesLocally(TestNG.java:1149)
	at org.testng.TestNG.run(TestNG.java:1057)
	at org.testng.remote.RemoteTestNG.run(RemoteTestNG.java:111)
	at org.testng.remote.RemoteTestNG.initAndRun(RemoteTestNG.java:204)
	at org.testng.remote.RemoteTestNG.main(RemoteTestNG.java:175)
]]>
            </full-stacktrace>
          </exception> <!-- org.openqa.selenium.WebDriverException -->
          <reporter-output>
          </reporter-output>
        </test-method> <!-- startBrowser -->
        <test-method status="SKIP" signature="testCompareMicrowave()[pri:0, instance:testsPNdotCom.TestPN@4cdbe50f]" name="testCompareMicrowave" duration-ms="1" started-at="2015-06-07T19:45:24Z" description="Compare two microwave" finished-at="2015-06-07T19:45:24Z">
          <reporter-output>
          </reporter-output>
        </test-method> <!-- testCompareMicrowave -->
        <test-method status="SKIP" signature="testFilterByControlWeight()[pri:0, instance:testsPNdotCom.TestPN@4cdbe50f]" name="testFilterByControlWeight" duration-ms="1" started-at="2015-06-07T19:45:24Z" description="Filter by control weight for breadMaker" finished-at="2015-06-07T19:45:24Z">
          <reporter-output>
          </reporter-output>
        </test-method> <!-- testFilterByControlWeight -->
        <test-method status="SKIP" signature="testFilterByPrice()[pri:0, instance:testsPNdotCom.TestPN@4cdbe50f]" name="testFilterByPrice" duration-ms="9" started-at="2015-06-07T19:45:24Z" description="Filter by price for washer" finished-at="2015-06-07T19:45:24Z">
          <reporter-output>
          </reporter-output>
        </test-method> <!-- testFilterByPrice -->
        <test-method status="SKIP" signature="testFilterByProducer()[pri:0, instance:testsPNdotCom.TestPN@4cdbe50f]" name="testFilterByProducer" duration-ms="3" started-at="2015-06-07T19:45:24Z" description="Filter by producer for breadMaker" finished-at="2015-06-07T19:45:24Z">
          <reporter-output>
          </reporter-output>
        </test-method> <!-- testFilterByProducer -->
        <test-method status="SKIP" signature="testSameInfo()[pri:0, instance:testsPNdotCom.TestPN@4cdbe50f]" name="testSameInfo" duration-ms="1" started-at="2015-06-07T19:45:24Z" description="Is the same information about conditioner on two sourses" finished-at="2015-06-07T19:45:24Z">
          <reporter-output>
          </reporter-output>
        </test-method> <!-- testSameInfo -->
        <test-method status="SKIP" signature="testSortByPrice()[pri:0, instance:testsPNdotCom.TestPN@4cdbe50f]" name="testSortByPrice" duration-ms="0" started-at="2015-06-07T19:45:24Z" description="Sort fridges by price" finished-at="2015-06-07T19:45:24Z">
          <reporter-output>
          </reporter-output>
        </test-method> <!-- testSortByPrice -->
        <test-method status="SKIP" signature="quitBrowser()[pri:0, instance:testsPNdotCom.TestPN@4cdbe50f]" name="quitBrowser" is-config="true" duration-ms="0" started-at="2015-06-07T19:45:24Z" finished-at="2015-06-07T19:45:24Z">
          <reporter-output>
          </reporter-output>
        </test-method> <!-- quitBrowser -->
      </class> <!-- testsPNdotCom.TestPN -->
    </test> <!-- Default test -->
  </suite> <!-- Default suite -->
</testng-results>
