<?xml version="1.0" encoding="UTF-8"?>
<testng-results skipped="0" failed="0" total="6" passed="6">
  <reporter-output>
  </reporter-output>
  <suite name="Default suite" duration-ms="195373" started-at="2015-06-08T19:35:08Z" finished-at="2015-06-08T19:38:23Z">
    <groups>
    </groups>
    <test name="Default test" duration-ms="195373" started-at="2015-06-08T19:35:08Z" finished-at="2015-06-08T19:38:23Z">
      <class name="testsPNdotCom.TestPN">
        <test-method status="PASS" signature="startBrowser()[pri:0, instance:testsPNdotCom.TestPN@4cdbe50f]" name="startBrowser" is-config="true" duration-ms="16567" started-at="2015-06-08T22:35:08Z" finished-at="2015-06-08T22:35:24Z">
          <reporter-output>
          </reporter-output>
        </test-method> <!-- startBrowser -->
        <test-method status="PASS" signature="testCompareMicrowave()[pri:0, instance:testsPNdotCom.TestPN@4cdbe50f]" name="testCompareMicrowave" duration-ms="9258" started-at="2015-06-08T22:35:24Z" description="Compare two microwave" finished-at="2015-06-08T22:35:33Z">
          <reporter-output>
          </reporter-output>
        </test-method> <!-- testCompareMicrowave -->
        <test-method status="PASS" signature="testFilterByControlWeight()[pri:0, instance:testsPNdotCom.TestPN@4cdbe50f]" name="testFilterByControlWeight" duration-ms="8319" started-at="2015-06-08T22:35:33Z" description="Filter by control weight for breadMaker" finished-at="2015-06-08T22:35:42Z">
          <reporter-output>
          </reporter-output>
        </test-method> <!-- testFilterByControlWeight -->
        <test-method status="PASS" signature="testFilterByPrice()[pri:0, instance:testsPNdotCom.TestPN@4cdbe50f]" name="testFilterByPrice" duration-ms="19360" started-at="2015-06-08T22:35:42Z" description="Filter by price for washer" finished-at="2015-06-08T22:36:01Z">
          <reporter-output>
          </reporter-output>
        </test-method> <!-- testFilterByPrice -->
        <test-method status="PASS" signature="testFilterByProducer()[pri:0, instance:testsPNdotCom.TestPN@4cdbe50f]" name="testFilterByProducer" duration-ms="6233" started-at="2015-06-08T22:36:01Z" description="Filter by producer for breadMaker" finished-at="2015-06-08T22:36:07Z">
          <reporter-output>
          </reporter-output>
        </test-method> <!-- testFilterByProducer -->
        <test-method status="PASS" signature="testSameInfo()[pri:0, instance:testsPNdotCom.TestPN@4cdbe50f]" name="testSameInfo" duration-ms="123770" started-at="2015-06-08T22:36:07Z" description="Is the same information about conditioner on two sourses" finished-at="2015-06-08T22:38:11Z">
          <reporter-output>
          </reporter-output>
        </test-method> <!-- testSameInfo -->
        <test-method status="PASS" signature="testSortByPrice()[pri:0, instance:testsPNdotCom.TestPN@4cdbe50f]" name="testSortByPrice" duration-ms="9866" started-at="2015-06-08T22:38:11Z" description="Sort fridges by price" finished-at="2015-06-08T22:38:21Z">
          <reporter-output>
          </reporter-output>
        </test-method> <!-- testSortByPrice -->
        <test-method status="PASS" signature="quitBrowser()[pri:0, instance:testsPNdotCom.TestPN@4cdbe50f]" name="quitBrowser" is-config="true" duration-ms="1963" started-at="2015-06-08T22:38:21Z" finished-at="2015-06-08T22:38:23Z">
          <reporter-output>
          </reporter-output>
        </test-method> <!-- quitBrowser -->
      </class> <!-- testsPNdotCom.TestPN -->
    </test> <!-- Default test -->
  </suite> <!-- Default suite -->
</testng-results>
